<?xml version="1.0" encoding="UTF-8"?>
<!-- Generated by org.testng.reporters.JUnitReportReporter -->
<testsuite hostname="DESKTOP-2L70A79" failures="0" tests="1" name="github.CRUDOperations.ListReposForAuthUserTest" time="2.925" errors="0" timestamp="2024-11-26T09:21:35 IST" skipped="0">
  <testcase classname="github.CRUDOperations.ListReposForAuthUserTest" name="listAuthUserRepos" time="2.925"/>
  <system-out/>
</testsuite> <!-- github.CRUDOperations.ListReposForAuthUserTest -->
