<?xml version="1.0" encoding="UTF-8"?>
<!-- Generated by org.testng.reporters.JUnitReportReporter -->
<testsuite hostname="DESKTOP-2L70A79" failures="0" tests="1" name="petstoreUser.ResponseValidations.ResponseHeaderValidationsTest" time="2.298" errors="0" timestamp="2024-11-23T09:18:45 IST" skipped="0">
  <testcase classname="petstoreUser.ResponseValidations.ResponseHeaderValidationsTest" name="createUser" time="2.298"/>
  <system-out/>
</testsuite> <!-- petstoreUser.ResponseValidations.ResponseHeaderValidationsTest -->
