<?xml version="1.0" encoding="UTF-8"?>
<!-- Generated by org.testng.reporters.JUnitReportReporter -->
<testsuite hostname="DESKTOP-2L70A79" failures="0" tests="1" name="github.CRUDOperations.GetARepoTest" time="2.626" errors="0" timestamp="2024-11-26T10:04:05 IST" skipped="0">
  <testcase classname="github.CRUDOperations.GetARepoTest" name="getARepo" time="2.626"/>
  <system-out/>
</testsuite> <!-- github.CRUDOperations.GetARepoTest -->
