<?xml version="1.0" encoding="UTF-8"?>
<!-- Generated by org.testng.reporters.JUnitReportReporter -->
<testsuite hostname="DESKTOP-2L70A79" failures="0" tests="1" name="petstoreUser.CRUDOperations.CreateUserTest" time="2.600" errors="0" timestamp="2024-11-23T08:55:39 IST" skipped="0">
  <testcase classname="petstoreUser.CRUDOperations.CreateUserTest" name="createUser" time="2.600"/>
  <system-out/>
</testsuite> <!-- petstoreUser.CRUDOperations.CreateUserTest -->
