<?xml version="1.0" encoding="UTF-8"?>
<!-- Generated by org.testng.reporters.JUnitReportReporter -->
<testsuite hostname="DESKTOP-2L70A79" failures="0" tests="1" name="petstoreUser.ResponseValidations.ResponseBodyValidationTest" time="2.773" errors="0" timestamp="2024-11-23T09:18:51 IST" skipped="0">
  <testcase classname="petstoreUser.ResponseValidations.ResponseBodyValidationTest" name="getUser" time="2.773"/>
  <system-out/>
</testsuite> <!-- petstoreUser.ResponseValidations.ResponseBodyValidationTest -->
