<?xml version="1.0" encoding="UTF-8"?>
<!-- Generated by org.testng.reporters.JUnitReportReporter -->
<testsuite hostname="DESKTOP-2L70A79" failures="0" tests="1" name="petstoreUser.WaysToPOSTRequest.POSTRequestUsingHashMap" time="2.670" errors="0" timestamp="2024-11-22T10:14:37 IST" skipped="0">
  <testcase classname="petstoreUser.WaysToPOSTRequest.POSTRequestUsingHashMap" name="createUserUsingHashMap" time="2.670"/>
  <system-out/>
</testsuite> <!-- petstoreUser.WaysToPOSTRequest.POSTRequestUsingHashMap -->
