<?xml version="1.0" encoding="UTF-8"?>
<!-- Generated by org.testng.reporters.JUnitReportReporter -->
<testsuite hostname="DESKTOP-2L70A79" failures="0" tests="1" name="petstoreUser.CRUDOperationsWithBDD.CreateUserTest" time="2.513" errors="0" timestamp="2024-11-22T09:43:41 IST" skipped="0">
  <testcase classname="petstoreUser.CRUDOperationsWithBDD.CreateUserTest" name="createUser" time="2.513"/>
  <system-out/>
</testsuite> <!-- petstoreUser.CRUDOperationsWithBDD.CreateUserTest -->
