<?xml version="1.0" encoding="UTF-8"?>
<!-- Generated by org.testng.reporters.JUnitReportReporter -->
<testsuite hostname="DESKTOP-2L70A79" failures="0" tests="1" name="serializationAndDeserialization.SerializationTest" time="0.172" errors="0" timestamp="2024-11-23T09:53:20 IST" skipped="0">
  <testcase classname="serializationAndDeserialization.SerializationTest" name="serialization" time="0.172"/>
  <system-out/>
</testsuite> <!-- serializationAndDeserialization.SerializationTest -->
