<?xml version="1.0" encoding="UTF-8"?>
<!-- Generated by org.testng.reporters.JUnitReportReporter -->
<testsuite hostname="DESKTOP-2L70A79" failures="0" tests="1" name="petstoreUser.CRUDOperationsWithBDD.ModifyUserTest" time="2.528" errors="0" timestamp="2024-11-22T09:43:51 IST" skipped="0">
  <testcase classname="petstoreUser.CRUDOperationsWithBDD.ModifyUserTest" name="modifyUser" time="2.528"/>
  <system-out/>
</testsuite> <!-- petstoreUser.CRUDOperationsWithBDD.ModifyUserTest -->
