<?xml version="1.0" encoding="UTF-8"?>
<!-- Generated by org.testng.reporters.JUnitReportReporter -->
<testsuite hostname="DESKTOP-2L70A79" failures="0" tests="1" name="petstoreUser.CRUDOperations.DeleteUserTest" time="2.432" errors="0" timestamp="2024-11-19T12:08:32 IST" skipped="0">
  <testcase classname="petstoreUser.CRUDOperations.DeleteUserTest" name="deleteUser" time="2.432"/>
  <system-out/>
</testsuite> <!-- petstoreUser.CRUDOperations.DeleteUserTest -->
