<?xml version="1.0" encoding="UTF-8"?>
<!-- Generated by org.testng.reporters.JUnitReportReporter -->
<testsuite hostname="DESKTOP-2L70A79" failures="0" tests="1" name="serializationAndDeserialization.DeserializationTest" time="0.166" errors="0" timestamp="2024-11-23T10:07:06 IST" skipped="0">
  <testcase classname="serializationAndDeserialization.DeserializationTest" name="deserialization" time="0.166"/>
  <system-out/>
</testsuite> <!-- serializationAndDeserialization.DeserializationTest -->
