<?xml version="1.0" encoding="UTF-8"?>
<!-- Generated by org.testng.reporters.JUnitReportReporter -->
<testsuite hostname="DESKTOP-2L70A79" failures="0" tests="1" name="petstoreUser.WaysToPOSTRequest.POSTRequestUsingJsonFile" time="2.248" errors="0" timestamp="2024-11-22T10:32:55 IST" skipped="0">
  <testcase classname="petstoreUser.WaysToPOSTRequest.POSTRequestUsingJsonFile" name="createUserUsingHashMap" time="2.248"/>
  <system-out/>
</testsuite> <!-- petstoreUser.WaysToPOSTRequest.POSTRequestUsingJsonFile -->
