<?xml version="1.0" encoding="UTF-8"?>
<!-- Generated by org.testng.reporters.JUnitReportReporter -->
<testsuite hostname="DESKTOP-2L70A79" failures="0" tests="1" name="petstoreUser.CRUDOperations.GetUserTest" time="3.366" errors="0" timestamp="2024-11-19T11:58:41 IST" skipped="0">
  <testcase classname="petstoreUser.CRUDOperations.GetUserTest" name="getUser" time="3.366"/>
  <system-out/>
</testsuite> <!-- petstoreUser.CRUDOperations.GetUserTest -->
