<?xml version="1.0" encoding="UTF-8"?>
<!-- Generated by org.testng.reporters.JUnitReportReporter -->
<testsuite hostname="DESKTOP-2L70A79" failures="0" tests="1" name="github.CRUDOperations.ListUserReposTest" time="1.825" errors="0" timestamp="2024-11-26T09:48:45 IST" skipped="0">
  <testcase classname="github.CRUDOperations.ListUserReposTest" name="listUserRepos" time="1.825"/>
  <system-out/>
</testsuite> <!-- github.CRUDOperations.ListUserReposTest -->
