<?xml version="1.0" encoding="UTF-8"?>
<!-- Generated by org.testng.reporters.JUnitReportReporter -->
<testsuite hostname="DESKTOP-2L70A79" failures="0" tests="1" name="petstoreUser.CRUDOperationsWithBDD.DeleteUserTest" time="2.346" errors="0" timestamp="2024-11-22T09:57:37 IST" skipped="0">
  <testcase classname="petstoreUser.CRUDOperationsWithBDD.DeleteUserTest" name="deleteUser" time="2.346"/>
  <system-out/>
</testsuite> <!-- petstoreUser.CRUDOperationsWithBDD.DeleteUserTest -->
