<?xml version="1.0" encoding="UTF-8"?>
<!-- Generated by org.testng.reporters.JUnitReportReporter -->
<testsuite hostname="DESKTOP-2L70A79" failures="0" tests="1" name="github.CRUDOperations.SearchRepoTest" time="3.151" errors="0" timestamp="2024-11-26T10:29:10 IST" skipped="0">
  <testcase classname="github.CRUDOperations.SearchRepoTest" name="searchRepos" time="3.151"/>
  <system-out/>
</testsuite> <!-- github.CRUDOperations.SearchRepoTest -->
