<?xml version="1.0" encoding="UTF-8"?>
<!-- Generated by org.testng.reporters.JUnitReportReporter -->
<testsuite hostname="DESKTOP-2L70A79" failures="0" tests="1" name="petstoreUser.WaysToPOSTRequest.POSTRequestUsingPOJOClass" time="2.534" errors="0" timestamp="2024-11-22T10:52:33 IST" skipped="0">
  <testcase classname="petstoreUser.WaysToPOSTRequest.POSTRequestUsingPOJOClass" name="createUser" time="2.534"/>
  <system-out/>
</testsuite> <!-- petstoreUser.WaysToPOSTRequest.POSTRequestUsingPOJOClass -->
