<?xml version="1.0" encoding="UTF-8"?>
<!-- Generated by org.testng.reporters.JUnitReportReporter -->
<testsuite hostname="DESKTOP-2L70A79" failures="0" tests="1" name="petstoreUser.CRUDOperations.CreateUserTest" time="3.013" errors="0" timestamp="2024-11-19T12:07:46 IST" skipped="0">
  <testcase classname="petstoreUser.CRUDOperations.CreateUserTest" name="createUser" time="3.013"/>
  <system-out/>
</testsuite> <!-- petstoreUser.CRUDOperations.CreateUserTest -->
