<?xml version="1.0" encoding="UTF-8"?>
<!-- Generated by org.testng.reporters.JUnitReportReporter -->
<testsuite hostname="DESKTOP-2L70A79" failures="0" tests="1" name="github.CRUDOperations.CreateUpdateAndDeleteTest" time="4.226" errors="0" timestamp="2024-11-26T10:59:39 IST" skipped="0">
  <testcase classname="github.CRUDOperations.CreateUpdateAndDeleteTest" name="createUpdateDeleteRepo" time="4.226"/>
  <system-out/>
</testsuite> <!-- github.CRUDOperations.CreateUpdateAndDeleteTest -->
