<?xml version="1.0" encoding="UTF-8"?>
<!-- Generated by org.testng.reporters.JUnitReportReporter -->
<testsuite hostname="DESKTOP-2L70A79" failures="0" tests="1" name="github.CRUDOperations.CreateRepoTest" time="2.787" errors="0" timestamp="2024-11-25T10:10:24 IST" skipped="0">
  <testcase classname="github.CRUDOperations.CreateRepoTest" name="createRepo" time="2.787"/>
  <system-out/>
</testsuite> <!-- github.CRUDOperations.CreateRepoTest -->
