<?xml version="1.0" encoding="UTF-8"?>
<!-- Generated by org.testng.reporters.JUnitReportReporter -->
<testsuite hostname="DESKTOP-2L70A79" failures="0" tests="1" name="petstoreUser.CRUDOperationsWithBDD.GetUserTest" time="2.336" errors="0" timestamp="2024-11-22T09:43:58 IST" skipped="0">
  <testcase classname="petstoreUser.CRUDOperationsWithBDD.GetUserTest" name="getUser" time="2.336"/>
  <system-out/>
</testsuite> <!-- petstoreUser.CRUDOperationsWithBDD.GetUserTest -->
